Change Footprint: Footprint Not Found RESC2012X65N
Added Component: Designator=MOTOR400(TSOP65P640X110_HS-21N)
Add component (AddParameter): Name = "Digikey Part No."; Value = "568-13356-ND"; VariantName = "[No Variations]"
Add component (AddParameter): Name = "Manufacturer"; Value = "NXP USA Inc."; VariantName = "[No Variations]"
Add component (AddParameter): Name = "Manufacturer Part No."; Value = "MPC17529EJ"; VariantName = "[No Variations]"
Added Pin To Net: NetName=5.0V Pin=MOTOR400-1
Added Pin To Net: NetName=P10_2_MOTOR1_INA Pin=MOTOR400-2
Added Pin To Net: NetName=P10_3_MOTOR1_INB Pin=MOTOR400-3
Added Pin To Net: NetName=P10_6_MOTOR_OEn Pin=MOTOR400-4
Added Pin To Net: NetName=MOTOR2_+ Pin=MOTOR400-5
Added Pin To Net: NetName=GND Pin=MOTOR400-6
Added Pin To Net: NetName=MOTOR1_+ Pin=MOTOR400-7
Added Pin To Net: NetName=5.0V Pin=MOTOR400-8
Added Pin To Net: NetName=CRES_RES0 Pin=MOTOR400-9
Added Pin To Net: NetName=MOTOR1_- Pin=MOTOR400-14
Added Pin To Net: NetName=GND Pin=MOTOR400-15
Added Pin To Net: NetName=MOTOR2_- Pin=MOTOR400-16
Added Pin To Net: NetName=5.0V Pin=MOTOR400-17
Added Pin To Net: NetName=P10_5_MOTOR2_INB Pin=MOTOR400-18
Added Pin To Net: NetName=P10_4_MOTOR2_INA Pin=MOTOR400-19
Added Pin To Net: NetName=GND Pin=MOTOR400-20
Added Pin To Net: NetName=GND Pin=MOTOR400-21
Added Member To Class: ClassName=04_Motor Member=Component MOTOR400 MPC17529EJ
