Checking if remote manifest is accessible...
Getting manifests from remote server...

Processing super-manifest https://github.com/cypresssemiconductorco/mtb-super-manifest/raw/v2.X/mtb-super-manifest-fv2.xml...
Successfully acquired the information.

Summary: 

BSP: CY8CPROTO-063-BLE
Template Application(s): Bluetooth LE Battery Level FreeRTOS
Application(s) Root Path: C:/Users/ECE_STUDENT/Documents/ECE453/Labs

Press "Create" to create the selected application(s).
Collecting application data...


Info: The following entered on the command line will create the exact same project as that created with the GUI tool:
C:/Infineon/Tools/ModusToolbox/tools_2.4/project-creator/project-creator-cli.exe --board-id CY8CPROTO-063-BLE --board-uri https://github.com/cypresssemiconductorco/TARGET_CY8CPROTO-063-BLE --board-commit latest-v1.X --app-id mtb-example-psoc6-ble-battery-level-freertos --app-uri https://github.com/cypresssemiconductorco/mtb-example-psoc6-ble-battery-level-freertos --app-commit latest-v1.X --cypress-tools C:/Infineon/Tools/ModusToolbox/tools_2.4 --target-dir C:/Users/ECE_STUDENT/Documents/ECE453/Labs --user-app-name BB8 --output-for-machine --use-modus-shell


==============================================================================
= Cloning 'mtb-example-psoc6-ble-battery-level-freertos' =
==============================================================================
Cloning https://github.com/cypresssemiconductorco/mtb-example-psoc6-ble-battery-level-freertos into C:/Users/ECE_STUDENT/Documents/ECE453/Labs directory...
env git clone --progress --origin cypress https://github.com/cypresssemiconductorco/mtb-example-psoc6-ble-battery-level-freertos BB8
Cloning into 'BB8'...
remote: Enumerating objects: 60, done.        
remote: Total 60 (delta 0), reused 0 (delta 0), pack-reused 60        
Receiving objects: 100% (60/60), 790.38 KiB | 16.13 MiB/s, done.
Resolving deltas: 100% (22/22), done.

Checking out latest-v1.X...
env git checkout --progress latest-v1.X
Note: switching to 'latest-v1.X'.

You are in 'detached HEAD' state. You can look around, make experimental
changes and commit them, and you can discard any commits you make in this
state without impacting any branches by switching back to a branch.

If you want to create a new branch to retain commits you create, you may
do so (now or later) by using -c with the switch command. Example:

  git switch -c <new-branch-name>

Or undo this operation with:

  git switch -

Turn off this advice by setting config variable advice.detachedHead to false

HEAD is now at f838a7f Upload mtb-example-psoc6-ble-battery-level-freertos 1.2.0.82

==============================================================================
= Creating "TARGET_CY8CPROTO-063-BLE.lib" file(s) =
==============================================================================
C:/Users/ECE_STUDENT/Documents/ECE453/Labs/BB8/deps/TARGET_CY8CPROTO-063-BLE.lib was added
C:/Users/ECE_STUDENT/Documents/ECE453/Labs/BB8/deps/TARGET_CY8CKIT-062-BLE.lib was removed
Tried to remove the C:/Users/ECE_STUDENT/Documents/ECE453/Labs/BB8/TARGET_CY8CKIT-062-BLE but it doesn't exist.

==============================================================================
= Updating Makefile for "BB8" =
==============================================================================

==============================================================================
= Applying the Latest Version Locking for "BB8" =
==============================================================================
C:/Users/ECE_STUDENT/Documents/ECE453/Labs/BB8/deps/TARGET_CY8CPROTO-063-BLE.lib was updated
C:/Users/ECE_STUDENT/Documents/ECE453/Labs/BB8/deps/bless.lib was updated
C:/Users/ECE_STUDENT/Documents/ECE453/Labs/BB8/deps/retarget-io.lib was updated

==============================================================================
= Getting Dependencies for "BB8" =
==============================================================================
C:/Infineon/Tools/ModusToolbox/tools_2.4/modus-shell/bin/make.exe getlibs CY_TOOLS_PATHS=C:/Infineon/Tools/ModusToolbox/tools_2.4
Tools Directory: C:/Infineon/Tools/ModusToolbox/tools_2.4
INFO: The path 'libs/psoc6make' set for CY_BASELIB_PATH does not exist. Attempting to use BSP provided path instead

==============================================================================
= Importing libraries =
==============================================================================
Git is git version 2.33.0, found at /usr/bin/git

Searching application directory (.lib)...
Found 4 .lib file(s)
    Processing file "C:/Users/ECE_STUDENT/Documents/ECE453/Labs/BB8/deps/TARGET_CY8CPROTO-063-BLE.lib"
    Processing file "C:/Users/ECE_STUDENT/Documents/ECE453/Labs/BB8/deps/bless.lib"
    Processing file "C:/Users/ECE_STUDENT/Documents/ECE453/Labs/BB8/deps/freertos.lib"
    Processing file "C:/Users/ECE_STUDENT/Documents/ECE453/Labs/BB8/deps/retarget-io.lib"
Application directory search complete.

Searching "libs" directory (.lib)...
Found 5 .lib file(s)
    Processing file "C:/Users/ECE_STUDENT/Documents/ECE453/Labs/BB8/libs/TARGET_CY8CPROTO-063-BLE/libs/core-lib.lib"
    Processing file "C:/Users/ECE_STUDENT/Documents/ECE453/Labs/BB8/libs/TARGET_CY8CPROTO-063-BLE/libs/psoc6cm0p.lib"
    Processing file "C:/Users/ECE_STUDENT/Documents/ECE453/Labs/BB8/libs/TARGET_CY8CPROTO-063-BLE/libs/psoc6hal.lib"
    Processing file "C:/Users/ECE_STUDENT/Documents/ECE453/Labs/BB8/libs/TARGET_CY8CPROTO-063-BLE/libs/psoc6make.lib"
    Processing file "C:/Users/ECE_STUDENT/Documents/ECE453/Labs/BB8/libs/TARGET_CY8CPROTO-063-BLE/libs/psoc6pdl.lib"
Libraries were processed. Re-evaluating "libs" directory...
Found 5 .lib file(s)
"libs" directory search complete.

==============================================================================
= Import complete =
==============================================================================

Project "BB8" created successfully.
==============================================================================
= Export "BB8" application to Eclipse IDE for ModusToolbox™ =
==============================================================================
C:/Infineon/Tools/ModusToolbox/tools_2.4/modus-shell/bin/make.exe eclipse CY_IDE_PRJNAME=BB8 CY_MAKE_IDE=eclipse CY_MAKE_IDE_VERSION=2.4 CY_TOOLS_PATHS=C:/Infineon/Tools/ModusToolbox/tools_2.4
Tools Directory: C:/Infineon/Tools/ModusToolbox/tools_2.4
CY8CPROTO-063-BLE.mk: ./libs/TARGET_CY8CPROTO-063-BLE/CY8CPROTO-063-BLE.mk

Prebuild operations complete
Commencing build operations...

Tools Directory: C:/Infineon/Tools/ModusToolbox/tools_2.4
CY8CPROTO-063-BLE.mk: ./libs/TARGET_CY8CPROTO-063-BLE/CY8CPROTO-063-BLE.mk

Initializing build: mtb-example-psoc6-ble-battery-level-freertos Debug CY8CPROTO-063-BLE GCC_ARM

Auto-discovery in progress...
-> Found 226 .c file(s)
-> Found 46 .S file(s)
-> Found 23 .s file(s)
-> Found 0 .cpp file(s)
-> Found 0 .o file(s)
-> Found 26 .a file(s)
-> Found 517 .h file(s)
-> Found 0 .hpp file(s)
-> Found 0 resource file(s)
Applying filters...
Auto-discovery complete

Constructing build rules...
Build rules construction complete

==============================================================================
= Generating IDE files =
==============================================================================

Generated Eclipse launch config files:  "BB8 Attach (JLink).launch" "BB8 Attach (KitProg3_MiniProg4).launch" "BB8 Debug (JLink).launch" "BB8 Debug (KitProg3_MiniProg4).launch" "BB8 Erase (JLink).launch" "BB8 Erase (KitProg3_MiniProg4).launch" "BB8 Program (JLink).launch" "BB8 Program (KitProg3_MiniProg4).launch"
  
The project "BB8" was successfully exported to Eclipse IDE for ModusToolbox™.

Successfully created and exported "BB8" application.
