Change Footprint: Footprint Not Found LED_ASMT-YTD7-0AA02
Change Footprint: Footprint Not Found LED_ASMT-YTD7-0AA02
Change Footprint: Footprint Not Found LED_ASMT-YTD7-0AA02
Change Footprint: Footprint Not Found LED_ASMT-YTD7-0AA02
Change Footprint: Footprint Not Found LED_ASMT-YTD7-0AA02
Change Footprint: Footprint Not Found LED_ASMT-YTD7-0AA02
Change Footprint: Footprint Not Found LED_ASMT-YTD7-0AA02
Change Footprint: Footprint Not Found LED_ASMT-YTD7-0AA02
Added Component: Designator=D200(LEDSC160X320X90-2N)
Add component (AddParameter): Name = "Digi-Key_Part_Number"; Value = ""; VariantName = "[No Variations]"
Add component (AddParameter): Name = "Digi-Key_Purchase_URL"; Value = ""; VariantName = "[No Variations]"
Add component (AddParameter): Name = "MF"; Value = "Dialight"; VariantName = "[No Variations]"
Add component (AddParameter): Name = "MP"; Value = "598-8220-107F"; VariantName = "[No Variations]"
Add component (AddParameter): Name = "Package"; Value = "1206 Dialight"; VariantName = "[No Variations]"
Add component (AddParameter): Name = "SnapEDA_Link"; Value = "https://www.snapeda.com/parts/598-8220-107F/Dialight/view-part/454138/?ref=snap"; VariantName = "[No Variations]"
Add component (AddParameter): Name = "Value"; Value = ""; VariantName = "[No Variations]"
Added Component: Designator=R200(RESC2012X65N)
Add component (AddParameter): Name = "Availability"; Value = "Unavailable"; VariantName = "[No Variations]"
Add component (AddParameter): Name = "MF"; Value = ""; VariantName = "[No Variations]"
Add component (AddParameter): Name = "MP"; Value = "1625868-6"; VariantName = "[No Variations]"
Add component (AddParameter): Name = "Package"; Value = "None"; VariantName = "[No Variations]"
Add component (AddParameter): Name = "Price"; Value = "None"; VariantName = "[No Variations]"
Add component (AddParameter): Name = "Value"; Value = ""; VariantName = "[No Variations]"
Added Component: Designator=R201(RESC2012X65N)
Add component (AddParameter): Name = "Availability"; Value = "Warning"; VariantName = "[No Variations]"
Add component (AddParameter): Name = "Check_prices"; Value = "https://www.snapeda.com/parts/1614886-1/TE%20Connectivity/view-part/2202344/?ref=eda"; VariantName = "[No Variations]"
Add component (AddParameter): Name = "EU_RoHS_Compliance"; Value = "Compliant"; VariantName = "[No Variations]"
Add component (AddParameter): Name = "MF"; Value = "TE Connectivity"; VariantName = "[No Variations]"
Add component (AddParameter): Name = "MP"; Value = "1614886-1"; VariantName = "[No Variations]"
Add component (AddParameter): Name = "Package"; Value = "0805"; VariantName = "[No Variations]"
Add component (AddParameter): Name = "Power_Rating"; Value = ".1 W"; VariantName = "[No Variations]"
Add component (AddParameter): Name = "Price"; Value = "None"; VariantName = "[No Variations]"
Add component (AddParameter): Name = "Resistance"; Value = "10K"; VariantName = "[No Variations]"
Add component (AddParameter): Name = "SnapEDA_Link"; Value = "https://www.snapeda.com/parts/1614886-1/TE%20Connectivity/view-part/2202344/?ref=snap"; VariantName = "[No Variations]"
Add component (AddParameter): Name = "Tolerance"; Value = ".1%"; VariantName = "[No Variations]"
Add component (AddParameter): Name = "Value"; Value = ""; VariantName = "[No Variations]"
Add component (AddParameter): Name = "Voltage_Rating"; Value = "100 V"; VariantName = "[No Variations]"
Added Component: Designator=R202(RESC2012X65N)
Add component (AddParameter): Name = "Availability"; Value = "Warning"; VariantName = "[No Variations]"
Add component (AddParameter): Name = "Check_prices"; Value = "https://www.snapeda.com/parts/1614886-1/TE%20Connectivity/view-part/2202344/?ref=eda"; VariantName = "[No Variations]"
Add component (AddParameter): Name = "EU_RoHS_Compliance"; Value = "Compliant"; VariantName = "[No Variations]"
Add component (AddParameter): Name = "MF"; Value = "TE Connectivity"; VariantName = "[No Variations]"
Add component (AddParameter): Name = "MP"; Value = "1614886-1"; VariantName = "[No Variations]"
Add component (AddParameter): Name = "Package"; Value = "0805"; VariantName = "[No Variations]"
Add component (AddParameter): Name = "Power_Rating"; Value = ".1 W"; VariantName = "[No Variations]"
Add component (AddParameter): Name = "Price"; Value = "None"; VariantName = "[No Variations]"
Add component (AddParameter): Name = "Resistance"; Value = "10K"; VariantName = "[No Variations]"
Add component (AddParameter): Name = "SnapEDA_Link"; Value = "https://www.snapeda.com/parts/1614886-1/TE%20Connectivity/view-part/2202344/?ref=snap"; VariantName = "[No Variations]"
Add component (AddParameter): Name = "Tolerance"; Value = ".1%"; VariantName = "[No Variations]"
Add component (AddParameter): Name = "Value"; Value = ""; VariantName = "[No Variations]"
Add component (AddParameter): Name = "Voltage_Rating"; Value = "100 V"; VariantName = "[No Variations]"
Added Component: Designator=R203(RESC2012X65N)
Add component (AddParameter): Name = "Availability"; Value = "Warning"; VariantName = "[No Variations]"
Add component (AddParameter): Name = "Check_prices"; Value = "https://www.snapeda.com/parts/1614886-1/TE%20Connectivity/view-part/2202344/?ref=eda"; VariantName = "[No Variations]"
Add component (AddParameter): Name = "EU_RoHS_Compliance"; Value = "Compliant"; VariantName = "[No Variations]"
Add component (AddParameter): Name = "MF"; Value = "TE Connectivity"; VariantName = "[No Variations]"
Add component (AddParameter): Name = "MP"; Value = "1614886-1"; VariantName = "[No Variations]"
Add component (AddParameter): Name = "Package"; Value = "0805"; VariantName = "[No Variations]"
Add component (AddParameter): Name = "Power_Rating"; Value = ".1 W"; VariantName = "[No Variations]"
Add component (AddParameter): Name = "Price"; Value = "None"; VariantName = "[No Variations]"
Add component (AddParameter): Name = "Resistance"; Value = "10K"; VariantName = "[No Variations]"
Add component (AddParameter): Name = "SnapEDA_Link"; Value = "https://www.snapeda.com/parts/1614886-1/TE%20Connectivity/view-part/2202344/?ref=snap"; VariantName = "[No Variations]"
Add component (AddParameter): Name = "Tolerance"; Value = ".1%"; VariantName = "[No Variations]"
Add component (AddParameter): Name = "Value"; Value = ""; VariantName = "[No Variations]"
Add component (AddParameter): Name = "Voltage_Rating"; Value = "100 V"; VariantName = "[No Variations]"
Added Component: Designator=TP200(TP-SMC-1206)
Add component (AddParameter): Name = "Case Size"; Value = "1206"; VariantName = "[No Variations]"
Add component (AddParameter): Name = "ComponentLink1Description"; Value = "https://datasheet.ciiva.com/6439/eng-ds-1773266-a-6439169.pdf"; VariantName = "[No Variations]"
Add component (AddParameter): Name = "ComponentLink1URL"; Value = "https://datasheet.ciiva.com/6439/eng-ds-1773266-a-6439169.pdf"; VariantName = "[No Variations]"
Add component (AddParameter): Name = "ComponentLink2Description"; Value = "https://datasheet.ciiva.com/30136/1773266-a-30136341.pdf"; VariantName = "[No Variations]"
Add component (AddParameter): Name = "ComponentLink2URL"; Value = "https://datasheet.ciiva.com/30136/1773266-a-30136341.pdf"; VariantName = "[No Variations]"
Add component (AddParameter): Name = "ComponentLink3Description"; Value = "https://datasheet.ciiva.com/6439/eng-ds-1773266-a-6439080.pdf"; VariantName = "[No Variations]"
Add component (AddParameter): Name = "ComponentLink3URL"; Value = "https://datasheet.ciiva.com/6439/eng-ds-1773266-a-6439080.pdf"; VariantName = "[No Variations]"
Add component (AddParameter): Name = "ComponentLink4Description"; Value = "https://datasheet.ciiva.com/6439/eng-ds-1773266-a-6439081.pdf"; VariantName = "[No Variations]"
Add component (AddParameter): Name = "ComponentLink4URL"; Value = "https://datasheet.ciiva.com/6439/eng-ds-1773266-a-6439081.pdf"; VariantName = "[No Variations]"
Add component (AddParameter): Name = "ComponentLink5Description"; Value = "https://datasheet.ciiva.com/6439/eng-ds-1773266-a-6439083.pdf"; VariantName = "[No Variations]"
Add component (AddParameter): Name = "ComponentLink5URL"; Value = "https://datasheet.ciiva.com/6439/eng-ds-1773266-a-6439083.pdf"; VariantName = "[No Variations]"
Add component (AddParameter): Name = "Dimension"; Value = "3.2 x 1.6 x 1.25mm"; VariantName = "[No Variations]"
Add component (AddParameter): Name = "Family"; Value = "RC"; VariantName = "[No Variations]"
Add component (AddParameter): Name = "Manufacturer"; Value = "TE Connectivity (Tyco Electronics)"; VariantName = "[No Variations]"
Add component (AddParameter): Name = "Manufacturer Part Number"; Value = "1625854-1"; VariantName = "[No Variations]"
Add component (AddParameter): Name = "Mounting"; Value = "Surface Mount"; VariantName = "[No Variations]"
Add component (AddParameter): Name = "Operating Temperature"; Value = "-55 to 125 C"; VariantName = "[No Variations]"
Add component (AddParameter): Name = "Packaging"; Value = "Tape and Reel"; VariantName = "[No Variations]"
Add component (AddParameter): Name = "Part No"; Value = "1625854-1"; VariantName = "[No Variations]"
Add component (AddParameter): Name = "Power Rating"; Value = "N/R"; VariantName = "[No Variations]"
Add component (AddParameter): Name = "Pricing 1"; Value = "1=0.28, 10=0.261, 25=0.224, 50=0.1902, 100=0.1828, 250=0.1641, 500=0.1567, 1000=0.1306 (USD)"; VariantName = "[No Variations]"
Add component (AddParameter): Name = "Resistance Value"; Value = "0 Ohm"; VariantName = "[No Variations]"
Add component (AddParameter): Name = "RoHS"; Value = "Yes"; VariantName = "[No Variations]"
Add component (AddParameter): Name = "Stock 1"; Value = "31937"; VariantName = "[No Variations]"
Add component (AddParameter): Name = "Supplier"; Value = "Digi-Key"; VariantName = "[No Variations]"
Add component (AddParameter): Name = "Supplier Part Number"; Value = "A106143CT-ND"; VariantName = "[No Variations]"
Add component (AddParameter): Name = "Temperature Coefficient"; Value = "N/R"; VariantName = "[No Variations]"
Add component (AddParameter): Name = "Terminal Pitch"; Value = "N/R"; VariantName = "[No Variations]"
Add component (AddParameter): Name = "Termination Style"; Value = "N/R"; VariantName = "[No Variations]"
Add component (AddParameter): Name = "Tolerance"; Value = "N/R"; VariantName = "[No Variations]"
Added Pin To Net: NetName=STATUS_LED_IN Pin=D200-A
Added Pin To Net: NetName=GND Pin=D200-C
Added Pin To Net: NetName=STATUS_LED_IN Pin=R200-1
Added Pin To Net: NetName=5.0V Pin=R200-2
Added Pin To Net: NetName=GND Pin=R201-1
Added Pin To Net: NetName=P9_0_LED_RED Pin=R201-2
Added Pin To Net: NetName=GND Pin=R202-1
Added Pin To Net: NetName=P9_2_LED_BLUE Pin=R202-2
Added Pin To Net: NetName=GND Pin=R203-1
Added Pin To Net: NetName=P9_1_LED_GREEN Pin=R203-2
Added Pin To Net: NetName=5.0V Pin=TP200-1
Added Member To Class: ClassName=02_Input Member=Component D200 598-8220-107F
Added Member To Class: ClassName=02_Input Member=Component R200 1625868-6
Added Member To Class: ClassName=02_Input Member=Component R201 1614886-1
Added Member To Class: ClassName=02_Input Member=Component R202 1614886-1
Added Member To Class: ClassName=02_Input Member=Component R203 1614886-1
Added Member To Class: ClassName=02_Input Member=Component TP200 TP_1206
