Add Component: Footprint Not Found RESC2012X65N
Add Component: Footprint Not Found RESC2012X65N
Add Component: Footprint Not Found RESC2012X65N
Add Component: Footprint Not Found RESC2012X65N
Add Component: Footprint Not Found RESC2012X65N
Add Component: Footprint Not Found RESC2012X65N
Add Component: Footprint Not Found RESC2012X65N
Add Component: Footprint Not Found RESC2012X65N
Add Component: Footprint Not Found RESC2012X65N
Add Component: Footprint Not Found RESC2012X65N
Add Component: Footprint Not Found RESC2012X65N
Add Component: Footprint Not Found RESC2012X65N
Add Component: Footprint Not Found RESC2012X65N
Add Component: Footprint Not Found RESC2012X65N
Add Component: Footprint Not Found RESC2012X65N
Add Component: Footprint Not Found RESC2012X65N
Add Component: Footprint Not Found RESC2012X65N
Add Component: Footprint Not Found RESC2012X65N
Add Pin To Net: Unknown Pin: Pin R301-1
Add Pin To Net: Unknown Pin: Pin R301-2
Add Pin To Net: Unknown Pin: Pin R302-1
Add Pin To Net: Unknown Pin: Pin R302-2
Add Pin To Net: Unknown Pin: Pin R304-1
Add Pin To Net: Unknown Pin: Pin R304-2
Add Pin To Net: Unknown Pin: Pin R305-1
Add Pin To Net: Unknown Pin: Pin R305-2
Add Pin To Net: Unknown Pin: Pin R307-1
Add Pin To Net: Unknown Pin: Pin R307-2
Add Pin To Net: Unknown Pin: Pin R308-1
Add Pin To Net: Unknown Pin: Pin R308-2
Add Pin To Net: Unknown Pin: Pin R310-1
Add Pin To Net: Unknown Pin: Pin R310-2
Add Pin To Net: Unknown Pin: Pin R311-1
Add Pin To Net: Unknown Pin: Pin R311-2
Add Pin To Net: Unknown Pin: Pin R313-1
Add Pin To Net: Unknown Pin: Pin R313-2
Add Pin To Net: Unknown Pin: Pin R314-1
Add Pin To Net: Unknown Pin: Pin R314-2
Add Pin To Net: Unknown Pin: Pin R401-1
Add Pin To Net: Unknown Pin: Pin R401-2
Add Pin To Net: Unknown Pin: Pin R402-1
Add Pin To Net: Unknown Pin: Pin R402-2
Add Pin To Net: Unknown Pin: Pin R404-1
Add Pin To Net: Unknown Pin: Pin R404-2
Add Pin To Net: Unknown Pin: Pin R405-1
Add Pin To Net: Unknown Pin: Pin R405-2
Add Pin To Net: Unknown Pin: Pin R407-1
Add Pin To Net: Unknown Pin: Pin R407-2
Add Pin To Net: Unknown Pin: Pin R408-1
Add Pin To Net: Unknown Pin: Pin R408-2
Add Pin To Net: Unknown Pin: Pin R410-1
Add Pin To Net: Unknown Pin: Pin R410-2
Add Pin To Net: Unknown Pin: Pin R411-1
Add Pin To Net: Unknown Pin: Pin R411-2
Add Class Member: Failed to add class member : Component R301 1-2176327-0
Add Class Member: Failed to add class member : Component R302 1-2176327-0
Add Class Member: Failed to add class member : Component R304 1-2176327-0
Add Class Member: Failed to add class member : Component R305 1-2176327-0
Add Class Member: Failed to add class member : Component R307 1-2176327-0
Add Class Member: Failed to add class member : Component R308 1-2176327-0
Add Class Member: Failed to add class member : Component R310 1-2176327-0
Add Class Member: Failed to add class member : Component R311 1-2176327-0
Add Class Member: Failed to add class member : Component R313 1-2176327-0
Add Class Member: Failed to add class member : Component R314 1-2176327-0
Add Class Member: Failed to add class member : Component R401 1-2176327-0
Add Class Member: Failed to add class member : Component R402 1-2176327-0
Add Class Member: Failed to add class member : Component R404 1-2176327-0
Add Class Member: Failed to add class member : Component R405 1-2176327-0
Add Class Member: Failed to add class member : Component R407 1-2176327-0
Add Class Member: Failed to add class member : Component R408 1-2176327-0
Add Class Member: Failed to add class member : Component R410 1-2176327-0
Add Class Member: Failed to add class member : Component R411 1-2176327-0
Added Room: Name=02_Input
Added Room: Name=03_LEDs_0_4
Added Room: Name=04_LEDs_5_9
