12:57:25 **** Incremental Build of configuration Debug for project Empty_PSoC6_App ****
"C:\\Infineon\\Tools\\ModusToolbox\\tools_2.4\\modus-shell\\bin\\make" CY_MAKE_IDE=eclipse CY_MAKE_IDE_VERSION=2.4 CY_IDE_TOOLS_DIR=C:/Infineon/Tools/ModusToolbox/tools_2.4 -j6 all 
Tools Directory: C:/Infineon/Tools/ModusToolbox/tools_2.4
CY8CPROTO-063-BLE.mk: ./libs/TARGET_CY8CPROTO-063-BLE/CY8CPROTO-063-BLE.mk
Log file= "C:/Users/ECE_STUDENT/AppData/Local/Temp/device-configurator-cli/device-configurator-cli-20220227.125726.790-9472.log"
Command line= "C:/Infineon/Tools/ModusToolbox/tools_2.4/device-configurator/device-configurator-cli.exe --library ../mtb_shared/mtb-pdl-cat1/release-v2.3.1/devicesupport.xml --build ./libs/TARGET_CY8CPROTO-063-BLE/COMPONENT_BSP_DESIGN_MODUS/design.modus --check-mcu=CYBLE-416045-02 --check-coprocessors= --readonly --skip-build"

Prebuild operations complete
Commencing build operations...

Tools Directory: C:/Infineon/Tools/ModusToolbox/tools_2.4
CY8CPROTO-063-BLE.mk: ./libs/TARGET_CY8CPROTO-063-BLE/CY8CPROTO-063-BLE.mk

Initializing build: mtb-example-psoc6-empty-app Debug CY8CPROTO-063-BLE GCC_ARM

Auto-discovery in progress...
-> Found 175 .c file(s)
-> Found 46 .S file(s)
-> Found 22 .s file(s)
-> Found 0 .cpp file(s)
-> Found 0 .o file(s)
-> Found 0 .a file(s)
-> Found 481 .h file(s)
-> Found 0 .hpp file(s)
-> Found 0 resource file(s)
Applying filters...
Auto-discovery complete

Constructing build rules...
Build rules construction complete

==============================================================================
= Building application =
==============================================================================
Generating compilation database file...
-> ./build/compile_commands.json
Compilation database file generation complete
Building 161 file(s)
Compiling ble_task.c -DCY_USING_HAL -DCY_APPNAME_mtb_example_psoc6_empty_app -DCYBLE_416045_02 -DCY_TARGET_DEVICE=CYBLE_416045_02 -DTARGET_CY8CPROTO_063_BLE -DCY_TARGET_BOARD=CY8CPROTO_063_BLE -DCOMPONENT_BSP_DESIGN_MODUS -DCOMPONENT_CAT1 -DCOMPONENT_CAT1A -DCOMPONENT_CM0P_SLEEP -DCOMPONENT_CM4 -DCOMPONENT_CY8CPROTO_063_BLE -DCOMPONENT_PSOC6HAL -DCOMPONENT_SOFTFP -DDEBUG  -DCY_SUPPORTS_DEVICE_VALIDATION -I. -I../mtb_shared/core-lib/release-v1.3.0 -I../mtb_shared/core-lib/release-v1.3.0/include -I../mtb_shared/mtb-hal-cat1/release-v2.0.1 -I../mtb_shared/mtb-hal-cat1/release-v2.0.1/COMPONENT_PSOC6HAL -I../mtb_shared/mtb-hal-cat1/release-v2.0.1/COMPONENT_PSOC6HAL/COMPONENT_CAT1A -I../mtb_shared/mtb-hal-cat1/release-v2.0.1/COMPONENT_PSOC6HAL/COMPONENT_CAT1A/include -I../mtb_shared/mtb-hal-cat1/release-v2.0.1/COMPONENT_PSOC6HAL/COMPONENT_CAT1A/include/pin_packages -I../mtb_shared/mtb-hal-cat1/release-v2.0.1/COMPONENT_PSOC6HAL/COMPONENT_CAT1A/include/triggers -I../mtb_shared/mtb-hal-cat1/release-v2.0.1/COMPONENT_PSOC6HAL/include -I../mtb_shared/mtb-hal-cat1/release-v2.0.1/COMPONENT_PSOC6HAL/source -I../mtb_shared/mtb-hal-cat1/release-v2.0.1/include -I../mtb_shared/mtb-pdl-cat1/release-v2.3.1 -I../mtb_shared/mtb-pdl-cat1/release-v2.3.1/cmsis -I../mtb_shared/mtb-pdl-cat1/release-v2.3.1/cmsis/include -I../mtb_shared/mtb-pdl-cat1/release-v2.3.1/devices -I../mtb_shared/mtb-pdl-cat1/release-v2.3.1/devices/COMPONENT_CAT1A -I../mtb_shared/mtb-pdl-cat1/release-v2.3.1/devices/COMPONENT_CAT1A/include -I../mtb_shared/mtb-pdl-cat1/release-v2.3.1/devices/COMPONENT_CAT1A/include/ip -I../mtb_shared/mtb-pdl-cat1/release-v2.3.1/drivers -I../mtb_shared/mtb-pdl-cat1/release-v2.3.1/drivers/include -I./libs -I./libs/TARGET_CY8CPROTO-063-BLE -I./libs/TARGET_CY8CPROTO-063-BLE/COMPONENT_BSP_DESIGN_MODUS -I./libs/TARGET_CY8CPROTO-063-BLE/COMPONENT_BSP_DESIGN_MODUS/GeneratedSource
Compiling capsense_task.c -DCY_USING_HAL -DCY_APPNAME_mtb_example_psoc6_empty_app -DCYBLE_416045_02 -DCY_TARGET_DEVICE=CYBLE_416045_02 -DTARGET_CY8CPROTO_063_BLE -DCY_TARGET_BOARD=CY8CPROTO_063_BLE -DCOMPONENT_BSP_DESIGN_MODUS -DCOMPONENT_CAT1 -DCOMPONENT_CAT1A -DCOMPONENT_CM0P_SLEEP -DCOMPONENT_CM4 -DCOMPONENT_CY8CPROTO_063_BLE -DCOMPONENT_PSOC6HAL -DCOMPONENT_SOFTFP -DDEBUG  -DCY_SUPPORTS_DEVICE_VALIDATION -I. -I../mtb_shared/core-lib/release-v1.3.0 -I../mtb_shared/core-lib/release-v1.3.0/include -I../mtb_shared/mtb-hal-cat1/release-v2.0.1 -I../mtb_shared/mtb-hal-cat1/release-v2.0.1/COMPONENT_PSOC6HAL -I../mtb_shared/mtb-hal-cat1/release-v2.0.1/COMPONENT_PSOC6HAL/COMPONENT_CAT1A -I../mtb_shared/mtb-hal-cat1/release-v2.0.1/COMPONENT_PSOC6HAL/COMPONENT_CAT1A/include -I../mtb_shared/mtb-hal-cat1/release-v2.0.1/COMPONENT_PSOC6HAL/COMPONENT_CAT1A/include/pin_packages -I../mtb_shared/mtb-hal-cat1/release-v2.0.1/COMPONENT_PSOC6HAL/COMPONENT_CAT1A/include/triggers -I../mtb_shared/mtb-hal-cat1/release-v2.0.1/COMPONENT_PSOC6HAL/include -I../mtb_shared/mtb-hal-cat1/release-v2.0.1/COMPONENT_PSOC6HAL/source -I../mtb_shared/mtb-hal-cat1/release-v2.0.1/include -I../mtb_shared/mtb-pdl-cat1/release-v2.3.1 -I../mtb_shared/mtb-pdl-cat1/release-v2.3.1/cmsis -I../mtb_shared/mtb-pdl-cat1/release-v2.3.1/cmsis/include -I../mtb_shared/mtb-pdl-cat1/release-v2.3.1/devices -I../mtb_shared/mtb-pdl-cat1/release-v2.3.1/devices/COMPONENT_CAT1A -I../mtb_shared/mtb-pdl-cat1/release-v2.3.1/devices/COMPONENT_CAT1A/include -I../mtb_shared/mtb-pdl-cat1/release-v2.3.1/devices/COMPONENT_CAT1A/include/ip -I../mtb_shared/mtb-pdl-cat1/release-v2.3.1/drivers -I../mtb_shared/mtb-pdl-cat1/release-v2.3.1/drivers/include -I./libs -I./libs/TARGET_CY8CPROTO-063-BLE -I./libs/TARGET_CY8CPROTO-063-BLE/COMPONENT_BSP_DESIGN_MODUS -I./libs/TARGET_CY8CPROTO-063-BLE/COMPONENT_BSP_DESIGN_MODUS/GeneratedSource
Compiling led_task.c -DCY_USING_HAL -DCY_APPNAME_mtb_example_psoc6_empty_app -DCYBLE_416045_02 -DCY_TARGET_DEVICE=CYBLE_416045_02 -DTARGET_CY8CPROTO_063_BLE -DCY_TARGET_BOARD=CY8CPROTO_063_BLE -DCOMPONENT_BSP_DESIGN_MODUS -DCOMPONENT_CAT1 -DCOMPONENT_CAT1A -DCOMPONENT_CM0P_SLEEP -DCOMPONENT_CM4 -DCOMPONENT_CY8CPROTO_063_BLE -DCOMPONENT_PSOC6HAL -DCOMPONENT_SOFTFP -DDEBUG  -DCY_SUPPORTS_DEVICE_VALIDATION -I. -I../mtb_shared/core-lib/release-v1.3.0 -I../mtb_shared/core-lib/release-v1.3.0/include -I../mtb_shared/mtb-hal-cat1/release-v2.0.1 -I../mtb_shared/mtb-hal-cat1/release-v2.0.1/COMPONENT_PSOC6HAL -I../mtb_shared/mtb-hal-cat1/release-v2.0.1/COMPONENT_PSOC6HAL/COMPONENT_CAT1A -I../mtb_shared/mtb-hal-cat1/release-v2.0.1/COMPONENT_PSOC6HAL/COMPONENT_CAT1A/include -I../mtb_shared/mtb-hal-cat1/release-v2.0.1/COMPONENT_PSOC6HAL/COMPONENT_CAT1A/include/pin_packages -I../mtb_shared/mtb-hal-cat1/release-v2.0.1/COMPONENT_PSOC6HAL/COMPONENT_CAT1A/include/triggers -I../mtb_shared/mtb-hal-cat1/release-v2.0.1/COMPONENT_PSOC6HAL/include -I../mtb_shared/mtb-hal-cat1/release-v2.0.1/COMPONENT_PSOC6HAL/source -I../mtb_shared/mtb-hal-cat1/release-v2.0.1/include -I../mtb_shared/mtb-pdl-cat1/release-v2.3.1 -I../mtb_shared/mtb-pdl-cat1/release-v2.3.1/cmsis -I../mtb_shared/mtb-pdl-cat1/release-v2.3.1/cmsis/include -I../mtb_shared/mtb-pdl-cat1/release-v2.3.1/devices -I../mtb_shared/mtb-pdl-cat1/release-v2.3.1/devices/COMPONENT_CAT1A -I../mtb_shared/mtb-pdl-cat1/release-v2.3.1/devices/COMPONENT_CAT1A/include -I../mtb_shared/mtb-pdl-cat1/release-v2.3.1/devices/COMPONENT_CAT1A/include/ip -I../mtb_shared/mtb-pdl-cat1/release-v2.3.1/drivers -I../mtb_shared/mtb-pdl-cat1/release-v2.3.1/drivers/include -I./libs -I./libs/TARGET_CY8CPROTO-063-BLE -I./libs/TARGET_CY8CPROTO-063-BLE/COMPONENT_BSP_DESIGN_MODUS -I./libs/TARGET_CY8CPROTO-063-BLE/COMPONENT_BSP_DESIGN_MODUS/GeneratedSource
Compiling libs/TARGET_CY8CPROTO-063-BLE/COMPONENT_BSP_DESIGN_MODUS/GeneratedSource/cycfg_system.c -DCY_USING_HAL -DCY_APPNAME_mtb_example_psoc6_empty_app -DCYBLE_416045_02 -DCY_TARGET_DEVICE=CYBLE_416045_02 -DTARGET_CY8CPROTO_063_BLE -DCY_TARGET_BOARD=CY8CPROTO_063_BLE -DCOMPONENT_BSP_DESIGN_MODUS -DCOMPONENT_CAT1 -DCOMPONENT_CAT1A -DCOMPONENT_CM0P_SLEEP -DCOMPONENT_CM4 -DCOMPONENT_CY8CPROTO_063_BLE -DCOMPONENT_PSOC6HAL -DCOMPONENT_SOFTFP -DDEBUG  -DCY_SUPPORTS_DEVICE_VALIDATION -I. -I../mtb_shared/core-lib/release-v1.3.0 -I../mtb_shared/core-lib/release-v1.3.0/include -I../mtb_shared/mtb-hal-cat1/release-v2.0.1 -I../mtb_shared/mtb-hal-cat1/release-v2.0.1/COMPONENT_PSOC6HAL -I../mtb_shared/mtb-hal-cat1/release-v2.0.1/COMPONENT_PSOC6HAL/COMPONENT_CAT1A -I../mtb_shared/mtb-hal-cat1/release-v2.0.1/COMPONENT_PSOC6HAL/COMPONENT_CAT1A/include -I../mtb_shared/mtb-hal-cat1/release-v2.0.1/COMPONENT_PSOC6HAL/COMPONENT_CAT1A/include/pin_packages -I../mtb_shared/mtb-hal-cat1/release-v2.0.1/COMPONENT_PSOC6HAL/COMPONENT_CAT1A/include/triggers -I../mtb_shared/mtb-hal-cat1/release-v2.0.1/COMPONENT_PSOC6HAL/include -I../mtb_shared/mtb-hal-cat1/release-v2.0.1/COMPONENT_PSOC6HAL/source -I../mtb_shared/mtb-hal-cat1/release-v2.0.1/include -I../mtb_shared/mtb-pdl-cat1/release-v2.3.1 -I../mtb_shared/mtb-pdl-cat1/release-v2.3.1/cmsis -I../mtb_shared/mtb-pdl-cat1/release-v2.3.1/cmsis/include -I../mtb_shared/mtb-pdl-cat1/release-v2.3.1/devices -I../mtb_shared/mtb-pdl-cat1/release-v2.3.1/devices/COMPONENT_CAT1A -I../mtb_shared/mtb-pdl-cat1/release-v2.3.1/devices/COMPONENT_CAT1A/include -I../mtb_shared/mtb-pdl-cat1/release-v2.3.1/devices/COMPONENT_CAT1A/include/ip -I../mtb_shared/mtb-pdl-cat1/release-v2.3.1/drivers -I../mtb_shared/mtb-pdl-cat1/release-v2.3.1/drivers/include -I./libs -I./libs/TARGET_CY8CPROTO-063-BLE -I./libs/TARGET_CY8CPROTO-063-BLE/COMPONENT_BSP_DESIGN_MODUS -I./libs/TARGET_CY8CPROTO-063-BLE/COMPONENT_BSP_DESIGN_MODUS/GeneratedSource
Compiling libs/TARGET_CY8CPROTO-063-BLE/COMPONENT_CM4/system_psoc6_cm4.c -DCY_USING_HAL -DCY_APPNAME_mtb_example_psoc6_empty_app -DCYBLE_416045_02 -DCY_TARGET_DEVICE=CYBLE_416045_02 -DTARGET_CY8CPROTO_063_BLE -DCY_TARGET_BOARD=CY8CPROTO_063_BLE -DCOMPONENT_BSP_DESIGN_MODUS -DCOMPONENT_CAT1 -DCOMPONENT_CAT1A -DCOMPONENT_CM0P_SLEEP -DCOMPONENT_CM4 -DCOMPONENT_CY8CPROTO_063_BLE -DCOMPONENT_PSOC6HAL -DCOMPONENT_SOFTFP -DDEBUG  -DCY_SUPPORTS_DEVICE_VALIDATION -I. -I../mtb_shared/core-lib/release-v1.3.0 -I../mtb_shared/core-lib/release-v1.3.0/include -I../mtb_shared/mtb-hal-cat1/release-v2.0.1 -I../mtb_shared/mtb-hal-cat1/release-v2.0.1/COMPONENT_PSOC6HAL -I../mtb_shared/mtb-hal-cat1/release-v2.0.1/COMPONENT_PSOC6HAL/COMPONENT_CAT1A -I../mtb_shared/mtb-hal-cat1/release-v2.0.1/COMPONENT_PSOC6HAL/COMPONENT_CAT1A/include -I../mtb_shared/mtb-hal-cat1/release-v2.0.1/COMPONENT_PSOC6HAL/COMPONENT_CAT1A/include/pin_packages -I../mtb_shared/mtb-hal-cat1/release-v2.0.1/COMPONENT_PSOC6HAL/COMPONENT_CAT1A/include/triggers -I../mtb_shared/mtb-hal-cat1/release-v2.0.1/COMPONENT_PSOC6HAL/include -I../mtb_shared/mtb-hal-cat1/release-v2.0.1/COMPONENT_PSOC6HAL/source -I../mtb_shared/mtb-hal-cat1/release-v2.0.1/include -I../mtb_shared/mtb-pdl-cat1/release-v2.3.1 -I../mtb_shared/mtb-pdl-cat1/release-v2.3.1/cmsis -I../mtb_shared/mtb-pdl-cat1/release-v2.3.1/cmsis/include -I../mtb_shared/mtb-pdl-cat1/release-v2.3.1/devices -I../mtb_shared/mtb-pdl-cat1/release-v2.3.1/devices/COMPONENT_CAT1A -I../mtb_shared/mtb-pdl-cat1/release-v2.3.1/devices/COMPONENT_CAT1A/include -I../mtb_shared/mtb-pdl-cat1/release-v2.3.1/devices/COMPONENT_CAT1A/include/ip -I../mtb_shared/mtb-pdl-cat1/release-v2.3.1/drivers -I../mtb_shared/mtb-pdl-cat1/release-v2.3.1/drivers/include -I./libs -I./libs/TARGET_CY8CPROTO-063-BLE -I./libs/TARGET_CY8CPROTO-063-BLE/COMPONENT_BSP_DESIGN_MODUS -I./libs/TARGET_CY8CPROTO-063-BLE/COMPONENT_BSP_DESIGN_MODUS/GeneratedSource
Compiling libs/TARGET_CY8CPROTO-063-BLE/cybsp.c -DCY_USING_HAL -DCY_APPNAME_mtb_example_psoc6_empty_app -DCYBLE_416045_02 -DCY_TARGET_DEVICE=CYBLE_416045_02 -DTARGET_CY8CPROTO_063_BLE -DCY_TARGET_BOARD=CY8CPROTO_063_BLE -DCOMPONENT_BSP_DESIGN_MODUS -DCOMPONENT_CAT1 -DCOMPONENT_CAT1A -DCOMPONENT_CM0P_SLEEP -DCOMPONENT_CM4 -DCOMPONENT_CY8CPROTO_063_BLE -DCOMPONENT_PSOC6HAL -DCOMPONENT_SOFTFP -DDEBUG  -DCY_SUPPORTS_DEVICE_VALIDATION -I. -I../mtb_shared/core-lib/release-v1.3.0 -I../mtb_shared/core-lib/release-v1.3.0/include -I../mtb_shared/mtb-hal-cat1/release-v2.0.1 -I../mtb_shared/mtb-hal-cat1/release-v2.0.1/COMPONENT_PSOC6HAL -I../mtb_shared/mtb-hal-cat1/release-v2.0.1/COMPONENT_PSOC6HAL/COMPONENT_CAT1A -I../mtb_shared/mtb-hal-cat1/release-v2.0.1/COMPONENT_PSOC6HAL/COMPONENT_CAT1A/include -I../mtb_shared/mtb-hal-cat1/release-v2.0.1/COMPONENT_PSOC6HAL/COMPONENT_CAT1A/include/pin_packages -I../mtb_shared/mtb-hal-cat1/release-v2.0.1/COMPONENT_PSOC6HAL/COMPONENT_CAT1A/include/triggers -I../mtb_shared/mtb-hal-cat1/release-v2.0.1/COMPONENT_PSOC6HAL/include -I../mtb_shared/mtb-hal-cat1/release-v2.0.1/COMPONENT_PSOC6HAL/source -I../mtb_shared/mtb-hal-cat1/release-v2.0.1/include -I../mtb_shared/mtb-pdl-cat1/release-v2.3.1 -I../mtb_shared/mtb-pdl-cat1/release-v2.3.1/cmsis -I../mtb_shared/mtb-pdl-cat1/release-v2.3.1/cmsis/include -I../mtb_shared/mtb-pdl-cat1/release-v2.3.1/devices -I../mtb_shared/mtb-pdl-cat1/release-v2.3.1/devices/COMPONENT_CAT1A -I../mtb_shared/mtb-pdl-cat1/release-v2.3.1/devices/COMPONENT_CAT1A/include -I../mtb_shared/mtb-pdl-cat1/release-v2.3.1/devices/COMPONENT_CAT1A/include/ip -I../mtb_shared/mtb-pdl-cat1/release-v2.3.1/drivers -I../mtb_shared/mtb-pdl-cat1/release-v2.3.1/drivers/include -I./libs -I./libs/TARGET_CY8CPROTO-063-BLE -I./libs/TARGET_CY8CPROTO-063-BLE/COMPONENT_BSP_DESIGN_MODUS -I./libs/TARGET_CY8CPROTO-063-BLE/COMPONENT_BSP_DESIGN_MODUS/GeneratedSource
Compiling main.c -DCY_USING_HAL -DCY_APPNAME_mtb_example_psoc6_empty_app -DCYBLE_416045_02 -DCY_TARGET_DEVICE=CYBLE_416045_02 -DTARGET_CY8CPROTO_063_BLE -DCY_TARGET_BOARD=CY8CPROTO_063_BLE -DCOMPONENT_BSP_DESIGN_MODUS -DCOMPONENT_CAT1 -DCOMPONENT_CAT1A -DCOMPONENT_CM0P_SLEEP -DCOMPONENT_CM4 -DCOMPONENT_CY8CPROTO_063_BLE -DCOMPONENT_PSOC6HAL -DCOMPONENT_SOFTFP -DDEBUG  -DCY_SUPPORTS_DEVICE_VALIDATION -I. -I../mtb_shared/core-lib/release-v1.3.0 -I../mtb_shared/core-lib/release-v1.3.0/include -I../mtb_shared/mtb-hal-cat1/release-v2.0.1 -I../mtb_shared/mtb-hal-cat1/release-v2.0.1/COMPONENT_PSOC6HAL -I../mtb_shared/mtb-hal-cat1/release-v2.0.1/COMPONENT_PSOC6HAL/COMPONENT_CAT1A -I../mtb_shared/mtb-hal-cat1/release-v2.0.1/COMPONENT_PSOC6HAL/COMPONENT_CAT1A/include -I../mtb_shared/mtb-hal-cat1/release-v2.0.1/COMPONENT_PSOC6HAL/COMPONENT_CAT1A/include/pin_packages -I../mtb_shared/mtb-hal-cat1/release-v2.0.1/COMPONENT_PSOC6HAL/COMPONENT_CAT1A/include/triggers -I../mtb_shared/mtb-hal-cat1/release-v2.0.1/COMPONENT_PSOC6HAL/include -I../mtb_shared/mtb-hal-cat1/release-v2.0.1/COMPONENT_PSOC6HAL/source -I../mtb_shared/mtb-hal-cat1/release-v2.0.1/include -I../mtb_shared/mtb-pdl-cat1/release-v2.3.1 -I../mtb_shared/mtb-pdl-cat1/release-v2.3.1/cmsis -I../mtb_shared/mtb-pdl-cat1/release-v2.3.1/cmsis/include -I../mtb_shared/mtb-pdl-cat1/release-v2.3.1/devices -I../mtb_shared/mtb-pdl-cat1/release-v2.3.1/devices/COMPONENT_CAT1A -I../mtb_shared/mtb-pdl-cat1/release-v2.3.1/devices/COMPONENT_CAT1A/include -I../mtb_shared/mtb-pdl-cat1/release-v2.3.1/devices/COMPONENT_CAT1A/include/ip -I../mtb_shared/mtb-pdl-cat1/release-v2.3.1/drivers -I../mtb_shared/mtb-pdl-cat1/release-v2.3.1/drivers/include -I./libs -I./libs/TARGET_CY8CPROTO-063-BLE -I./libs/TARGET_CY8CPROTO-063-BLE/COMPONENT_BSP_DESIGN_MODUS -I./libs/TARGET_CY8CPROTO-063-BLE/COMPONENT_BSP_DESIGN_MODUS/GeneratedSource
capsense_task.c:47:10: fatal error: cycfg_capsense.h: No such file or directory
   47 | #include "cycfg_capsense.h"
      |          ^~~~~~~~~~~~~~~~~~
compilation terminated.
ble_task.c:46:10: fatal error: cy_retarget_io.h: No such file or directory
   46 | #include "cy_retarget_io.h"
      |          ^~~~~~~~~~~~~~~~~~
compilation terminated.
make[1]: *** [../mtb_shared/core-make/release-v1.9.0/make/core/build.mk:377: C:/Users/ECE_STUDENT/Documents/ece453_thegirls/Empty_PSoC6_App/build/CY8CPROTO-063-BLE/Debug/ble_task.o] Error 1
make[1]: *** Waiting for unfinished jobs....
make[1]: *** [../mtb_shared/core-make/release-v1.9.0/make/core/build.mk:377: C:/Users/ECE_STUDENT/Documents/ece453_thegirls/Empty_PSoC6_App/build/CY8CPROTO-063-BLE/Debug/capsense_task.o] Error 1
led_task.c:46:10: fatal error: cy_retarget_io.h: No such file or directory
   46 | #include "cy_retarget_io.h"
      |          ^~~~~~~~~~~~~~~~~~
compilation terminated.
make[1]: *** [../mtb_shared/core-make/release-v1.9.0/make/core/build.mk:377: C:/Users/ECE_STUDENT/Documents/ece453_thegirls/Empty_PSoC6_App/build/CY8CPROTO-063-BLE/Debug/led_task.o] Error 1
main.c:46:10: fatal error: cy_retarget_io.h: No such file or directory
   46 | #include "cy_retarget_io.h"
      |          ^~~~~~~~~~~~~~~~~~
compilation terminated.
make[1]: *** [../mtb_shared/core-make/release-v1.9.0/make/core/build.mk:377: C:/Users/ECE_STUDENT/Documents/ece453_thegirls/Empty_PSoC6_App/build/CY8CPROTO-063-BLE/Debug/main.o] Error 1
make: *** [../mtb_shared/core-make/release-v1.9.0/make/core/main.mk:434: secondstage_build] Error 2
"C:/Infineon/Tools/ModusToolbox/tools_2.4/modus-shell/bin/make CY_MAKE_IDE=eclipse CY_MAKE_IDE_VERSION=2.4 CY_IDE_TOOLS_DIR=C:/Infineon/Tools/ModusToolbox/tools_2.4 -j6 all" terminated with exit code 2. Build might be incomplete.

12:57:29 Build Failed. 10 errors, 0 warnings. (took 3s.834ms)

