15:40:41 **** Incremental Build of configuration Debug for project Lab2B ****
"C:\\Infineon\\Tools\\ModusToolbox\\tools_2.4\\modus-shell\\bin\\make" CY_MAKE_IDE=eclipse CY_MAKE_IDE_VERSION=2.4 CY_IDE_TOOLS_DIR=C:/Infineon/Tools/ModusToolbox/tools_2.4 -j6 all 
Tools Directory: C:/Infineon/Tools/ModusToolbox/tools_2.4
CY8CPROTO-063-BLE.mk: ./libs/TARGET_CY8CPROTO-063-BLE/CY8CPROTO-063-BLE.mk
Log file= "C:/Users/ECE_STUDENT/AppData/Local/Temp/device-configurator-cli/device-configurator-cli-20220208.154042.387-8844.log"
Command line= "C:/Infineon/Tools/ModusToolbox/tools_2.4/device-configurator/device-configurator-cli.exe --library ../mtb_shared/mtb-pdl-cat1/release-v2.3.1/devicesupport.xml --build ./libs/TARGET_CY8CPROTO-063-BLE/COMPONENT_BSP_DESIGN_MODUS/design.modus --check-mcu=CYBLE-416045-02 --check-coprocessors= --readonly --skip-build"

Prebuild operations complete
Commencing build operations...

Tools Directory: C:/Infineon/Tools/ModusToolbox/tools_2.4
CY8CPROTO-063-BLE.mk: ./libs/TARGET_CY8CPROTO-063-BLE/CY8CPROTO-063-BLE.mk

Initializing build: mtb-example-psoc6-empty-app Debug CY8CPROTO-063-BLE GCC_ARM

Auto-discovery in progress...
-> Found 174 .c file(s)
-> Found 46 .S file(s)
-> Found 22 .s file(s)
-> Found 0 .cpp file(s)
-> Found 0 .o file(s)
-> Found 0 .a file(s)
-> Found 481 .h file(s)
-> Found 0 .hpp file(s)
-> Found 0 resource file(s)
Applying filters...
Auto-discovery complete

Constructing build rules...
Build rules construction complete

==============================================================================
= Building application =
==============================================================================
Generating compilation database file...
-> ./build/compile_commands.json
Compilation database file generation complete
Building 160 file(s)
==============================================================================
= Build complete =
==============================================================================

Calculating memory consumption: CYBLE-416045-02 GCC_ARM -Og

   ---------------------------------------------------- 
  | Section Name         |  Address      |  Size       | 
   ---------------------------------------------------- 
  | .cy_m0p_image        |  0x10000000   |  6428       | 
  | .text                |  0x10002000   |  13600      | 
  | .ARM.exidx           |  0x10005520   |  8          | 
  | .copy.table          |  0x10005528   |  24         | 
  | .zero.table          |  0x10005540   |  8          | 
  | .data                |  0x0800228c   |  1012       | 
  | .cy_sharedmem        |  0x08002680   |  12         | 
  | .noinit              |  0x08002690   |  148        | 
  | .bss                 |  0x08002724   |  772        | 
  | .heap                |  0x08002a28   |  277976     | 
   ---------------------------------------------------- 

  Total Internal Flash (Available)          1048576    
  Total Internal Flash (Utilized)           22864      

  Total Internal SRAM (Available)           292864     
  Total Internal SRAM (Utilized with heap)  279920     

  

15:40:44 Build Finished. 0 errors, 0 warnings. (took 3s.543ms)

